<?xml version="1.0" encoding="UTF-8"?>
<!-- Generated by org.testng.reporters.JUnitXMLReporter -->
<testsuite hostname="DESKTOP-1AGNC2D" ignored="0" name="Default test(failed)" tests="4" failures="0" timestamp="21 Sep 2019 09:46:55 GMT" time="0.1" errors="0">
  <testcase name="logintest" time="0.015" classname="seleniumconcepts.TestNGexample"/>
  <testcase name="regtest" time="0.003" classname="seleniumconcepts.TestNGexample"/>
  <testcase name="bookingtest" time="0.014" classname="seleniumconcepts.TestNGexample"/>
  <testcase name="canceltest" time="0.015" classname="seleniumconcepts.TestNGexample"/>
</testsuite> <!-- Default test(failed) -->
