<?xml version="1.0" encoding="UTF-8"?>
<!-- Generated by org.testng.reporters.JUnitXMLReporter -->
<testsuite hostname="DESKTOP-1AGNC2D" ignored="0" name="Default test" tests="4" failures="0" timestamp="21 Sep 2019 17:03:58 GMT" time="0.075" errors="0">
  <testcase name="testCaseFour" time="0.019" classname="seleniumconcepts.TestNGexample"/>
  <testcase name="testCaseOne" time="0.005" classname="seleniumconcepts.TestNGexample"/>
  <testcase name="testCaseThree" time="0.002" classname="seleniumconcepts.TestNGexample"/>
  <testcase name="testCaseTwo" time="0.002" classname="seleniumconcepts.TestNGexample"/>
</testsuite> <!-- Default test -->
