<?xml version="1.0" encoding="UTF-8"?>
<!-- Generated by org.testng.reporters.JUnitXMLReporter -->
<testsuite hostname="DESKTOP-1AGNC2D" ignored="4" tests="0" failures="0" timestamp="21 Sep 2019 10:01:32 GMT" time="0.001" errors="0">
  <testcase name="regtest" time="0.0" classname="seleniumconcepts.TestNGexample">
    <ignored/>
  </testcase> <!-- regtest -->
  <testcase name="bookingtest" time="0.0" classname="seleniumconcepts.TestNGexample">
    <ignored/>
  </testcase> <!-- bookingtest -->
  <testcase name="canceltest" time="0.0" classname="seleniumconcepts.TestNGexample">
    <ignored/>
  </testcase> <!-- canceltest -->
  <testcase name="logintest" time="0.0" classname="seleniumconcepts.TestNGexample">
    <ignored/>
  </testcase> <!-- logintest -->
</testsuite>
