<?xml version="1.0" encoding="UTF-8"?>
<!-- Generated by org.testng.reporters.JUnitXMLReporter -->
<testsuite hostname="DESKTOP-1AGNC2D" ignored="2" name="Smoke Test" tests="2" failures="0" timestamp="28 Sep 2019 08:17:23 GMT" time="0.01" errors="0">
  <testcase name="testCaseOne" time="0.003" classname="seleniumconcepts.TestNGexample"/>
  <testcase name="testCaseThree" time="0.001" classname="seleniumconcepts.TestNGexample"/>
  <testcase name="testCaseTwo" time="0.0" classname="seleniumconcepts.TestNGexample">
    <ignored/>
  </testcase> <!-- testCaseTwo -->
  <testcase name="testCaseFour" time="0.0" classname="seleniumconcepts.TestNGexample">
    <ignored/>
  </testcase> <!-- testCaseFour -->
</testsuite> <!-- Smoke Test -->
